#
# A fatal error has been detected by the Java Runtime Environment:
#
#  EXCEPTION_ACCESS_VIOLATION (0xc0000005) at pc=0x000000005eef8225, pid=5200, tid=11548
#
# JRE version: Java(TM) SE Runtime Environment (8.0_40-b25) (build 1.8.0_40-b25)
# Java VM: Java HotSpot(TM) 64-Bit Server VM (25.40-b25 mixed mode windows-amd64 compressed oops)
# Problematic frame:
# V  [jvm.dll+0x128225]
#
# Failed to write core dump. Minidumps are not enabled by default on client versions of Windows
#
# If you would like to submit a bug report, please visit:
#   http://bugreport.java.com/bugreport/crash.jsp
#

---------------  T H R E A D  ---------------

Current thread (0x000000005952d000):  JavaThread "JDWP Transport Listener: dt_socket" daemon [_thread_in_vm, id=11548, stack(0x000000005a0e0000,0x000000005a1e0000)]

siginfo: ExceptionCode=0xc0000005, reading address 0x00003b656c003b74

Registers:
RAX=0x000000005a1df501, RBX=0x000000005952d000, RCX=0x00003b656c003b74, RDX=0x0000000000000000
RSP=0x000000005a1df520, RBP=0x00003b656c003b74, RSI=0x000000005a1df638, RDI=0x00000000022b86f0
R8 =0x000000005952d000, R9 =0x000000000000ff00, R10=0x0000000000000000, R11=0x00000d3701b60025
R12=0x0000000000000000, R13=0x0000000059533638, R14=0x0000000000000000, R15=0x0000000000000000
RIP=0x000000005eef8225, EFLAGS=0x0000000000010206

Top of Stack: (sp=0x000000005a1df520)
0x000000005a1df520:   000000005952d000 000000005952d000
0x000000005a1df530:   000000005a1df5e8 000000005f0fc6db
0x000000005a1df540:   000000005952d000 000000005f118f3d
0x000000005a1df550:   0000000000000000 00000000642e9155
0x000000005a1df560:   00000000596548e8 00000000642f291e
0x000000005a1df570:   000000005952d000 0000000000000000
0x000000005a1df580:   0000000000000000 0000000000000000
0x000000005a1df590:   00003b656c003b74 00000000642f1a15
0x000000005a1df5a0:   000000005a1df638 000000005a1df610
0x000000005a1df5b0:   0000000000000001 00000000596548e8
0x000000005a1df5c0:   00003b656c003b74 00000000642d53b3
0x000000005a1df5d0:   000000005a1df700 0000000000000001
0x000000005a1df5e0:   0000000000000001 00000000596548e8
0x000000005a1df5f0:   0000000000000009 0000000000000000
0x000000005a1df600:   0000000000000000 0000000000000000
0x000000005a1df610:   0000000000000001 00000000642d5571 

Instructions: (pc=0x000000005eef8225)
0x000000005eef8205:   cc cc cc cc cc cc cc cc cc cc cc 48 83 ec 28 48
0x000000005eef8215:   85 c9 75 07 33 c0 48 83 c4 28 c3 48 89 5c 24 20
0x000000005eef8225:   48 8b 19 48 85 db 74 20 48 83 fb 37 74 1a 48 8b
0x000000005eef8235:   13 48 8b cb ff 52 10 84 c0 74 0d 48 8b c3 48 8b 


Register to memory mapping:

RAX=0x000000005a1df501 is pointing into the stack for thread: 0x000000005952d000
RBX=0x000000005952d000 is a thread
RCX=0x00003b656c003b74 is an unknown value
RDX=0x0000000000000000 is an unknown value
RSP=0x000000005a1df520 is pointing into the stack for thread: 0x000000005952d000
RBP=0x00003b656c003b74 is an unknown value
RSI=0x000000005a1df638 is pointing into the stack for thread: 0x000000005952d000
RDI=0x00000000022b86f0 is an unknown value
R8 =0x000000005952d000 is a thread
R9 =0x000000000000ff00 is an unknown value
R10=0x0000000000000000 is an unknown value
R11=0x00000d3701b60025 is an unknown value
R12=0x0000000000000000 is an unknown value
R13=0x0000000059533638 is an unknown value
R14=0x0000000000000000 is an unknown value
R15=0x0000000000000000 is an unknown value


Stack: [0x000000005a0e0000,0x000000005a1e0000],  sp=0x000000005a1df520,  free space=1021k
Native frames: (J=compiled Java code, j=interpreted, Vv=VM code, C=native code)
V  [jvm.dll+0x128225]
V  [jvm.dll+0x348f3d]
C  [jdwp.dll+0x21a15]
C  [jdwp.dll+0x53b3]
C  [jdwp.dll+0x5571]
C  [jdwp.dll+0xf0a8]
C  [jdwp.dll+0x1f2d5]
C  [jdwp.dll+0x1f4aa]
V  [jvm.dll+0x1bad48]
V  [jvm.dll+0x241914]
V  [jvm.dll+0x29848a]
C  [msvcr100.dll+0x21d9f]
C  [msvcr100.dll+0x21e3b]
C  [kernel32.dll+0x159cd]
C  [ntdll.dll+0x2a561]


---------------  P R O C E S S  ---------------

Java Threads: ( => current thread )
  0x000000005b045000 JavaThread "Exec Stream Pumper" daemon [_thread_in_native, id=6216, stack(0x000000005b580000,0x000000005b680000)]
  0x000000005af28800 JavaThread "Exec Stream Pumper" daemon [_thread_in_native, id=8796, stack(0x000000005b360000,0x000000005b460000)]
  0x000000005aef1000 JavaThread "Exec Default Executor" daemon [_thread_in_native, id=11972, stack(0x000000005a520000,0x000000005a620000)]
  0x0000000059562800 JavaThread "Service Thread" daemon [_thread_blocked, id=2148, stack(0x000000005a840000,0x000000005a940000)]
  0x000000005955c800 JavaThread "C1 CompilerThread2" daemon [_thread_blocked, id=4288, stack(0x000000005a6a0000,0x000000005a7a0000)]
  0x000000005955a000 JavaThread "C2 CompilerThread1" daemon [_thread_blocked, id=11884, stack(0x000000005a420000,0x000000005a520000)]
  0x0000000059558800 JavaThread "C2 CompilerThread0" daemon [_thread_blocked, id=9744, stack(0x000000005a290000,0x000000005a390000)]
  0x000000005953d800 JavaThread "JDWP Command Reader" daemon [_thread_in_native, id=11524, stack(0x0000000059f50000,0x000000005a050000)]
  0x000000005953c800 JavaThread "JDWP Event Helper Thread" daemon [_thread_blocked, id=6380, stack(0x0000000059d40000,0x0000000059e40000)]
=>0x000000005952d000 JavaThread "JDWP Transport Listener: dt_socket" daemon [_thread_in_vm, id=11548, stack(0x000000005a0e0000,0x000000005a1e0000)]
  0x0000000059524000 JavaThread "Attach Listener" daemon [_thread_blocked, id=9344, stack(0x0000000059ac0000,0x0000000059bc0000)]
  0x0000000059523000 JavaThread "Signal Dispatcher" daemon [_thread_blocked, id=10128, stack(0x00000000599b0000,0x0000000059ab0000)]
  0x0000000057933000 JavaThread "Finalizer" daemon [_thread_blocked, id=12292, stack(0x00000000593d0000,0x00000000594d0000)]
  0x000000005792c000 JavaThread "Reference Handler" daemon [_thread_blocked, id=12420, stack(0x0000000059110000,0x0000000059210000)]
  0x00000000021c0000 JavaThread "main" [_thread_blocked, id=5344, stack(0x00000000024b0000,0x00000000025b0000)]

Other Threads:
  0x0000000057926800 VMThread [stack: 0x0000000058f40000,0x0000000059040000] [id=7852]
  0x000000005956a800 WatcherThread [stack: 0x000000005a9b0000,0x000000005aab0000] [id=7888]

VM state:not at safepoint (normal execution)

VM Mutex/Monitor currently owned by a thread: None

Heap:
 PSYoungGen      total 38400K, used 18290K [0x00000000d5980000, 0x00000000d8400000, 0x0000000100000000)
  eden space 33280K, 39% used [0x00000000d5980000,0x00000000d6660650,0x00000000d7a00000)
  from space 5120K, 99% used [0x00000000d7a00000,0x00000000d7efc260,0x00000000d7f00000)
  to   space 5120K, 0% used [0x00000000d7f00000,0x00000000d7f00000,0x00000000d8400000)
 ParOldGen       total 87552K, used 1098K [0x0000000080c00000, 0x0000000086180000, 0x00000000d5980000)
  object space 87552K, 1% used [0x0000000080c00000,0x0000000080d12870,0x0000000086180000)
 Metaspace       used 13205K, capacity 13746K, committed 13952K, reserved 1060864K
  class space    used 1714K, capacity 1899K, committed 1920K, reserved 1048576K

Card table byte_map: [0x0000000011c40000,0x0000000012040000] byte_map_base: 0x000000001183a000

Marking Bits: (ParMarkBitMap*) 0x000000005f5d4040
 Begin Bits: [0x0000000012ba0000, 0x0000000014b70000)
 End Bits:   [0x0000000014b70000, 0x0000000016b40000)

Polling page: 0x0000000000250000

CodeCache: size=245760Kb used=4364Kb max_used=4364Kb free=241395Kb
 bounds [0x0000000002880000, 0x0000000002cd0000, 0x0000000011880000]
 total_blobs=1602 nmethods=1254 adapters=270
 compilation: enabled

Compilation events (10 events):
Event: 12.645 Thread 0x000000005955c800 1250       3       java.lang.reflect.Modifier::isFinal (13 bytes)
Event: 12.645 Thread 0x000000005955c800 nmethod 1250 0x0000000002cc2e90 code [0x0000000002cc2fe0, 0x0000000002cc3170]
Event: 12.645 Thread 0x000000005955c800 1251       1       java.util.TreeMap$Entry::getKey (5 bytes)
Event: 12.645 Thread 0x000000005955c800 nmethod 1251 0x0000000002cc31d0 code [0x0000000002cc3320, 0x0000000002cc3430]
Event: 20.301 Thread 0x000000005955c800 1252       3       java.util.Locale::hashCode (41 bytes)
Event: 20.301 Thread 0x000000005955c800 nmethod 1252 0x0000000002cc3490 code [0x0000000002cc3600, 0x0000000002cc3978]
Event: 20.301 Thread 0x000000005955c800 1253       1       java.util.Formatter$FormatSpecifier::index (5 bytes)
Event: 20.301 Thread 0x000000005955c800 nmethod 1253 0x0000000002cc3a90 code [0x0000000002cc3be0, 0x0000000002cc3cf0]
Event: 21.458 Thread 0x000000005955c800 1254       3       java.util.regex.Pattern$BranchConn::match (11 bytes)
Event: 21.458 Thread 0x000000005955c800 nmethod 1254 0x0000000002cc3d50 code [0x0000000002cc3ec0, 0x0000000002cc4108]

GC Heap History (2 events):
Event: 1.204 GC heap before
{Heap before GC invocations=1 (full 0):
 PSYoungGen      total 38400K, used 33280K [0x00000000d5980000, 0x00000000d8400000, 0x0000000100000000)
  eden space 33280K, 100% used [0x00000000d5980000,0x00000000d7a00000,0x00000000d7a00000)
  from space 5120K, 0% used [0x00000000d7f00000,0x00000000d7f00000,0x00000000d8400000)
  to   space 5120K, 0% used [0x00000000d7a00000,0x00000000d7a00000,0x00000000d7f00000)
 ParOldGen       total 87552K, used 0K [0x0000000080c00000, 0x0000000086180000, 0x00000000d5980000)
  object space 87552K, 0% used [0x0000000080c00000,0x0000000080c00000,0x0000000086180000)
 Metaspace       used 11174K, capacity 11512K, committed 11648K, reserved 1058816K
  class space    used 1413K, capacity 1544K, committed 1664K, reserved 1048576K
Event: 1.213 GC heap after
Heap after GC invocations=1 (full 0):
 PSYoungGen      total 38400K, used 5104K [0x00000000d5980000, 0x00000000d8400000, 0x0000000100000000)
  eden space 33280K, 0% used [0x00000000d5980000,0x00000000d5980000,0x00000000d7a00000)
  from space 5120K, 99% used [0x00000000d7a00000,0x00000000d7efc260,0x00000000d7f00000)
  to   space 5120K, 0% used [0x00000000d7f00000,0x00000000d7f00000,0x00000000d8400000)
 ParOldGen       total 87552K, used 1098K [0x0000000080c00000, 0x0000000086180000, 0x00000000d5980000)
  object space 87552K, 1% used [0x0000000080c00000,0x0000000080d12870,0x0000000086180000)
 Metaspace       used 11174K, capacity 11512K, committed 11648K, reserved 1058816K
  class space    used 1413K, capacity 1544K, committed 1664K, reserved 1048576K
}

Deoptimization events (10 events):
Event: 1.002 Thread 0x00000000021c0000 Uncommon trap: reason=class_check action=maybe_recompile pc=0x0000000002b207e0 method=java.util.Collections$UnmodifiableCollection$1.next()Ljava/lang/Object; @ 4
Event: 1.002 Thread 0x00000000021c0000 Uncommon trap: reason=class_check action=maybe_recompile pc=0x0000000002b207e0 method=java.util.Collections$UnmodifiableCollection$1.next()Ljava/lang/Object; @ 4
Event: 1.044 Thread 0x00000000021c0000 Uncommon trap: reason=unstable_if action=reinterpret pc=0x0000000002b5a1cc method=java.util.Arrays.equals([B[B)Z @ 2
Event: 1.049 Thread 0x00000000021c0000 Uncommon trap: reason=unstable_if action=reinterpret pc=0x0000000002a727d4 method=java.lang.CharacterDataLatin1.digit(II)I @ 82
Event: 1.061 Thread 0x000000005b066000 Uncommon trap: reason=unstable_if action=reinterpret pc=0x0000000002a6d9dc method=java.lang.CharacterDataLatin1.digit(II)I @ 82
Event: 1.215 Thread 0x00000000021c0000 Uncommon trap: reason=class_check action=maybe_recompile pc=0x0000000002b2f8b4 method=java.util.concurrent.ConcurrentHashMap.putVal(Ljava/lang/Object;Ljava/lang/Object;Z)Ljava/lang/Object; @ 192
Event: 1.216 Thread 0x00000000021c0000 Uncommon trap: reason=class_check action=maybe_recompile pc=0x0000000002b2f8b4 method=java.util.concurrent.ConcurrentHashMap.putVal(Ljava/lang/Object;Ljava/lang/Object;Z)Ljava/lang/Object; @ 192
Event: 1.217 Thread 0x00000000021c0000 Uncommon trap: reason=unstable_if action=reinterpret pc=0x0000000002b1ee5c method=java.util.concurrent.ConcurrentHashMap.addCount(JI)V @ 121
Event: 1.325 Thread 0x00000000021c0000 Uncommon trap: reason=unstable_if action=reinterpret pc=0x0000000002b2f8c0 method=java.util.concurrent.ConcurrentHashMap.putVal(Ljava/lang/Object;Ljava/lang/Object;Z)Ljava/lang/Object; @ 181
Event: 7.528 Thread 0x00000000021c0000 Uncommon trap: reason=unstable_if action=reinterpret pc=0x00000000029f3a38 method=sun.nio.cs.UTF_8$Encoder.encode([CII[B)I @ 33

Internal exceptions (10 events):
Event: 1.029 Thread 0x00000000021c0000 Exception <a 'java/lang/NoSuchFieldError': method resolution failed> (0x00000000d71fc7d0) thrown at [D:\re\workspace\8-2-build-windows-amd64-cygwin\jdk8u40\2855\hotspot\src\share\vm\prims\methodHandles.cpp, line 1125]
Event: 1.035 Thread 0x00000000021c0000 Exception <a 'java/lang/NoSuchFieldError': method resolution failed> (0x00000000d720aff0) thrown at [D:\re\workspace\8-2-build-windows-amd64-cygwin\jdk8u40\2855\hotspot\src\share\vm\prims\methodHandles.cpp, line 1125]
Event: 1.117 Thread 0x00000000021c0000 Exception <a 'java/lang/ArrayIndexOutOfBoundsException': 18> (0x00000000d7634898) thrown at [D:\re\workspace\8-2-build-windows-amd64-cygwin\jdk8u40\2855\hotspot\src\share\vm\interpreter\interpreterRuntime.cpp, line 366]
Event: 1.118 Thread 0x00000000021c0000 Exception <a 'java/lang/ArrayIndexOutOfBoundsException': 90> (0x00000000d7635bb0) thrown at [D:\re\workspace\8-2-build-windows-amd64-cygwin\jdk8u40\2855\hotspot\src\share\vm\interpreter\interpreterRuntime.cpp, line 366]
Event: 1.118 Thread 0x00000000021c0000 Exception <a 'java/lang/ArrayIndexOutOfBoundsException': 60> (0x00000000d7636eb8) thrown at [D:\re\workspace\8-2-build-windows-amd64-cygwin\jdk8u40\2855\hotspot\src\share\vm\interpreter\interpreterRuntime.cpp, line 366]
Event: 1.118 Thread 0x00000000021c0000 Exception <a 'java/lang/ArrayIndexOutOfBoundsException'> (0x00000000d7637d48) thrown at [D:\re\workspace\8-2-build-windows-amd64-cygwin\jdk8u40\2855\hotspot\src\share\vm\runtime\sharedRuntime.cpp, line 605]
Event: 1.119 Thread 0x00000000021c0000 Exception <a 'java/lang/ArrayIndexOutOfBoundsException'> (0x00000000d7643e38) thrown at [D:\re\workspace\8-2-build-windows-amd64-cygwin\jdk8u40\2855\hotspot\src\share\vm\runtime\sharedRuntime.cpp, line 605]
Event: 1.141 Thread 0x00000000021c0000 Exception <a 'java/lang/IncompatibleClassChangeError': Found class java.lang.Object, but interface was expected> (0x00000000d7732e40) thrown at [D:\re\workspace\8-2-build-windows-amd64-cygwin\jdk8u40\2855\hotspot\src\share\vm\interpreter\linkResolver.cpp, L-~Å…Qò?
Event: 1.145 Thread 0x00000000021c0000 Exception <a 'java/lang/NoSuchMethodError': java.lang.Object.lambda$or$12(Ljava/util/function/Predicate;Ljava/lang/Object;)Z> (0x00000000d7744b70) thrown at [D:\re\workspace\8-2-build-windows-amd64-cygwin\jdk8u40\2855\hotspot\src\share\vm\interpreter\linkRHwJEÑH)@
Event: 12.642 Thread 0x00000000021c0000 Exception <a 'java/lang/NoSuchMethodError': java.lang.Object.lambda$comparing$77a9974f$1(Ljava/util/function/Function;Ljava/lang/Object;Ljava/lang/Object;)I> (0x00000000d6542960) thrown at [D:\re\workspace\8-2-build-windows-amd64-cygwin\jdk8u40\2855\hotspoÑy‰«gxð?

Events (10 events):
Event: 195.024 Executing VM operation: GetCurrentLocation
Event: 195.025 Executing VM operation: GetCurrentLocation done
Event: 195.025 Executing VM operation: EnterInterpOnlyMode
Event: 195.025 Executing VM operation: EnterInterpOnlyMode done
Event: 195.025 Executing VM operation: ChangeSingleStep
Event: 195.025 Executing VM operation: ChangeSingleStep done
Event: 195.025 Executing VM operation: ChangeSingleStep
Event: 195.025 Executing VM operation: ChangeSingleStep done
Event: 195.030 Executing VM operation: RedefineClasses
Event: 195.039 Executing VM operation: RedefineClasses done


Dynamic libraries:
0x000000013f430000 - 0x000000013f467000 	D:\Soft\Java\jre1.8\bin\javaw.exe
0x00000000773a0000 - 0x000000007754a000 	C:\Windows\SYSTEM32\ntdll.dll
0x000007fefaed0000 - 0x000007fefaf04000 	D:\Soft\Avast Free Antivirus\x64\aswhooka.dll
0x0000000077280000 - 0x000000007739f000 	C:\Windows\system32\kernel32.dll
0x000007fefd380000 - 0x000007fefd3ea000 	C:\Windows\system32\KERNELBASE.dll
0x000007fefdca0000 - 0x000007fefdd7b000 	C:\Windows\system32\ADVAPI32.dll
0x000007fefee00000 - 0x000007fefee9f000 	C:\Windows\system32\msvcrt.dll
0x000007fefdd80000 - 0x000007fefdd9f000 	C:\Windows\SYSTEM32\sechost.dll
0x000007feff440000 - 0x000007feff56d000 	C:\Windows\system32\RPCRT4.dll
0x0000000077180000 - 0x000000007727a000 	C:\Windows\system32\USER32.dll
0x000007feff640000 - 0x000007feff6a7000 	C:\Windows\system32\GDI32.dll
0x000007fefda60000 - 0x000007fefda6e000 	C:\Windows\system32\LPK.dll
0x000007feff570000 - 0x000007feff63a000 	C:\Windows\system32\USP10.dll
0x000007fefbb90000 - 0x000007fefbd84000 	C:\Windows\WinSxS\amd64_microsoft.windows.common-controls_6595b64144ccf1df_6.0.7601.17514_none_fa396087175ac9ac\COMCTL32.dll
0x000007feff230000 - 0x000007feff2a1000 	C:\Windows\system32\SHLWAPI.dll
0x000007fefd5c0000 - 0x000007fefd5ee000 	C:\Windows\system32\IMM32.DLL
0x000007fefef40000 - 0x000007feff049000 	C:\Windows\system32\MSCTF.dll
0x0000000064310000 - 0x00000000643e2000 	D:\Soft\Java\jre1.8\bin\msvcr100.dll
0x000000005edd0000 - 0x000000005f653000 	D:\Soft\Java\jre1.8\bin\server\jvm.dll
0x000007fefbd90000 - 0x000007fefbd99000 	C:\Windows\system32\WSOCK32.dll
0x000007fefd9b0000 - 0x000007fefd9fd000 	C:\Windows\system32\WS2_32.dll
0x000007fefd9a0000 - 0x000007fefd9a8000 	C:\Windows\system32\NSI.dll
0x000007fefacd0000 - 0x000007fefad0b000 	C:\Windows\system32\WINMM.dll
0x000007fefc250000 - 0x000007fefc25c000 	C:\Windows\system32\VERSION.dll
0x0000000077560000 - 0x0000000077567000 	C:\Windows\system32\PSAPI.DLL
0x00000000691d0000 - 0x00000000691df000 	D:\Soft\Java\jre1.8\bin\verify.dll
0x000000005fde0000 - 0x000000005fe09000 	D:\Soft\Java\jre1.8\bin\java.dll
0x00000000642d0000 - 0x0000000064305000 	D:\Soft\Java\jre1.8\bin\jdwp.dll
0x0000000064460000 - 0x0000000064468000 	D:\Soft\Java\jre1.8\bin\npt.dll
0x000000005fdc0000 - 0x000000005fdd6000 	D:\Soft\Java\jre1.8\bin\zip.dll
0x000007fefdda0000 - 0x000007fefeb28000 	C:\Windows\system32\SHELL32.dll
0x000007fefda70000 - 0x000007fefdc73000 	C:\Windows\system32\ole32.dll
0x000007fefd160000 - 0x000007fefd16f000 	C:\Windows\system32\profapi.dll
0x0000000065ce0000 - 0x0000000065ce9000 	D:\Soft\Java\jre1.8\bin\dt_socket.dll
0x000007fefacb0000 - 0x000007fefacc5000 	C:\Windows\system32\NLAapi.dll
0x000007fef5fa0000 - 0x000007fef5fb5000 	C:\Windows\system32\napinsp.dll
0x000007fef5f80000 - 0x000007fef5f99000 	C:\Windows\system32\pnrpnsp.dll
0x000007fefc900000 - 0x000007fefc955000 	C:\Windows\System32\mswsock.dll
0x000007fefc780000 - 0x000007fefc7db000 	C:\Windows\system32\DNSAPI.dll
0x000007fef5f70000 - 0x000007fef5f7b000 	C:\Windows\System32\winrnr.dll
0x000007fefa900000 - 0x000007fefa927000 	C:\Windows\system32\IPHLPAPI.DLL
0x000007fefa8e0000 - 0x000007fefa8eb000 	C:\Windows\system32\WINNSI.DLL
0x000007fefa770000 - 0x000007fefa7c3000 	C:\Windows\System32\fwpuclnt.dll
0x000007fef6400000 - 0x000007fef6408000 	C:\Windows\system32\rasadhlp.dll
0x000007fefc320000 - 0x000007fefc327000 	C:\Windows\System32\wshtcpip.dll
0x000000005fda0000 - 0x000000005fdba000 	D:\Soft\Java\jre1.8\bin\net.dll
0x000007fefc8f0000 - 0x000007fefc8f7000 	C:\Windows\System32\wship6.dll
0x000000005fd50000 - 0x000000005fd74000 	D:\Soft\Java\jre1.8\bin\sunec.dll
0x000007fefc960000 - 0x000007fefc977000 	C:\Windows\system32\CRYPTSP.dll
0x000007fefc660000 - 0x000007fefc6a7000 	C:\Windows\system32\rsaenh.dll
0x000007fefd310000 - 0x000007fefd32e000 	C:\Windows\system32\USERENV.dll
0x000007fefd000000 - 0x000007fefd00f000 	C:\Windows\system32\CRYPTBASE.dll
0x000007fefa6f0000 - 0x000007fefa701000 	C:\Windows\system32\dhcpcsvc6.DLL
0x000007fefa6d0000 - 0x000007fefa6e8000 	C:\Windows\system32\dhcpcsvc.DLL
0x000000005fd80000 - 0x000000005fd91000 	D:\Soft\Java\jre1.8\bin\nio.dll
0x000007fefcf60000 - 0x000007fefcfb7000 	C:\Windows\system32\apphelp.dll
0x000007fef7650000 - 0x000007fef7775000 	C:\Windows\system32\dbghelp.dll

VM Arguments:
jvm_args: -agentlib:jdwp=transport=dt_socket,suspend=y,address=localhost:53501 -Dfile.encoding=UTF-8 
java_command: maven.auto.mailserver.MailServerTest
java_class_path (initial): D:\Soft\Eclipse\my_projects\MailServerTest\mailserver\target\classes;C:\Users\Joker\.m2\repository;C:\Users\Joker\.m2\repository\org\seleniumhq\selenium\selenium-java\3.7.1\selenium-java-3.7.1.jar;C:\Users\Joker\.m2\repository\org\seleniumhq\selenium\selenium-api\3.7.1\selenium-api-3.7.1.jar;C:\Users\Joker\.m2\repository\org\seleniumhq\selenium\selenium-chrome-driver\3.7.1\selenium-chrome-driver-3.7.1.jar;C:\Users\Joker\.m2\repository\org\seleniumhq\selenium\selenium-edge-driver\3.7.1\selenium-edge-driver-3.7.1.jar;C:\Users\Joker\.m2\repository\org\seleniumhq\selenium\selenium-firefox-driver\3.7.1\selenium-firefox-driver-3.7.1.jar;C:\Users\Joker\.m2\repository\org\seleniumhq\selenium\selenium-ie-driver\3.7.1\selenium-ie-driver-3.7.1.jar;C:\Users\Joker\.m2\repository\org\seleniumhq\selenium\selenium-opera-driver\3.7.1\selenium-opera-driver-3.7.1.jar;C:\Users\Joker\.m2\repository\org\seleniumhq\selenium\selenium-remote-driver\3.7.1\selenium-remote-driver-3.7.1.jar;C:\Users\Joker\.m2\repository\org\seleniumhq\selenium\selenium-safari-driver\3.7.1\selenium-safari-driver-3.7.1.jar;C:\Users\Joker\.m2\repository\org\seleniumhq\selenium\selenium-support\3.7.1\selenium-support-3.7.1.jar;C:\Users\Joker\.m2\repository\net\bytebuddy\byte-buddy\1.7.5\byte-buddy-1.7.5.jar;C:\Users\Joker\.m2\repository\org\apache\commons\commons-exec\1.3\commons-exec-1.3.jar;C:\Users\Joker\.m2\repository\commons-codec\commons-codec\1.10\commons-codec-1.10.jar;C:\Users\Joker\.m2\repository\commons-logging\commons-logging\1.2\commons-logging-1.2.jar;C:\Users\Joker\.m2\repository\com\google\code\gson\gson\2.8.2\gson-2.8.2.jar;C:\Users\Joker\.m2\repository\com\google\guava\guava\23.0\guava-23.0.jar;C:\Users\Joker\.m2\repository\com\google\code\findbugs\jsr305\1.3.9\jsr305-1.3.9.jar;C:\Users\Joker\.m2\repository\com\google\errorprone\error_prone_annotations\2.0.18\error_prone_annotations-2.0.18.jar;C:\Users\Joker\.m2\repository\com\google\j2objc\j2objc-annotations\1.1\j2obj
Launcher Type: SUN_STANDARD

Environment Variables:
PATH=D:/Soft/Java/jre1.8/bin/server;D:/Soft/Java/jre1.8/bin;D:/Soft/Java/jre1.8/lib/amd64;C:\ProgramData\Oracle\Java\javapath;C:\Windows\system32;C:\Windows;C:\Windows\System32\Wbem;C:\Windows\System32\WindowsPowerShell\v1.0\;C:\Program Files (x86)\NVIDIA Corporation\PhysX\Common;D:\Soft\OpenVPN\bin;d:\Soft\Python;d:\Soft\Maven\bin;D:\Soft\Eclipse;
USERNAME=Joker
OS=Windows_NT
PROCESSOR_IDENTIFIER=AMD64 Family 21 Model 2 Stepping 0, AuthenticAMD



---------------  S Y S T E M  ---------------

OS: Windows 7 , 64 bit Build 7601 (6.1.7601.23677)

CPU:total 6 (6 cores per cpu, 1 threads per core) family 21 model 2 stepping 0, cmov, cx8, fxsr, mmx, sse, sse2, sse3, ssse3, sse4.1, sse4.2, popcnt, avx, aes, clmul, mmxext, 3dnowpref, lzcnt, sse4a, tsc, tscinvbit, tscinv, bmi1

Memory: 4k page, physical 8336908k(1170848k free), swap 12609860k(1063760k free)

vm_info: Java HotSpot(TM) 64-Bit Server VM (25.40-b25) for windows-amd64 JRE (1.8.0_40-b25), built on Feb 10 2015 21:53:57 by "java_re" with MS VC++ 10.0 (VS2010)

time: Wed Dec 06 23:54:44 2017
elapsed time: 195 seconds (0d 0h 3m 15s)

